#
# A fatal error has been detected by the Java Runtime Environment:
#
#  SIGSEGV (0xb) at pc=0x0000000112fdf511, pid=32699, tid=775
#
# JRE version: Java(TM) SE Runtime Environment (8.0_45-b14) (build 1.8.0_45-b14)
# Java VM: Java HotSpot(TM) 64-Bit Server VM (25.45-b02 mixed mode bsd-amd64 compressed oops)
# Problematic frame:
# C  [libglass.dylib+0x15511]  GlassScreenDidChangeScreenParameters+0x21
#
# Failed to write core dump. Core dumps have been disabled. To enable core dumping, try "ulimit -c unlimited" before starting Java again
#
# If you would like to submit a bug report, please visit:
#   http://bugreport.java.com/bugreport/crash.jsp
#

---------------  T H R E A D  ---------------

Current thread is native thread

siginfo: si_signo: 11 (SIGSEGV), si_code: 1 (SEGV_MAPERR), si_addr: 0x0000000000000000

Registers:
RAX=0x0000000113011ac8, RBX=0x0000000000000000, RCX=0x0000000000000103, RDX=0x0000000000012068
RSP=0x00007fff572faa70, RBP=0x00007fff572faa80, RSI=0x00007fb05760bb00, RDI=0x0000000000000000
R8 =0x0000000000000040, R9 =0x00007fffc5ca2040, R10=0xffffffffffffffff, R11=0x0000000000012068
R12=0x0000000000000000, R13=0x00007fb0574771d0, R14=0x00007fb057483c50, R15=0x0000000000000000
RIP=0x0000000112fdf511, EFLAGS=0x0000000000010246, ERR=0x0000000000000004
  TRAPNO=0x000000000000000e

Top of Stack: (sp=0x00007fff572faa70)
0x00007fff572faa70:   00007fb057477210 00007fb057483c50
0x00007fff572faa80:   00007fff572faa90 00007fffa788e9fc
0x00007fff572faa90:   00007fff572fab00 00007fffa788e8fb
0x00007fff572faaa0:   00007fffa7bb2ce7 00007fffc5c9d060
0x00007fff572faab0:   00000000c2000000 00007fffa788e950
0x00007fff572faac0:   00007fffc25da680 00007fb0574771d0
0x00007fff572faad0:   00007fb057483c50 00007fff572fb278
0x00007fff572faae0:   00007fff572fabc0 00007fffbc57bb40
0x00007fff572faaf0:   00007fb0574771d0 00007fffa5fc1966
0x00007fff572fab00:   00007fff572fab40 00007fffa788e662
0x00007fff572fab10:   00007fff572fb100 0000000000000000
0x00007fff572fab20:   00007fff572fabc0 00007fffbc57bb40
0x00007fff572fab30:   00007fff572fb278 00007fffa5fc1966
0x00007fff572fab40:   00007fff572fb230 00007fffa784cd12
0x00007fff572fab50:   b73c03c2e9718f10 01ffffffc25d4b01
0x00007fff572fab60:   00007fb057707ae0 00007fffc25dbcb0
0x00007fff572fab70:   0000000000000000 00007fb058161048
0x00007fff572fab80:   00007fb057707a01 00007fb057453e80
0x00007fff572fab90:   00007fffc270e0c0 0000000000000000
0x00007fff572faba0:   00007fb057477240 0000000000000000
0x00007fff572fabb0:   0000000000000000 00007fffc261a8e0
0x00007fff572fabc0:   00007fff572fb100 0000000000000001
0x00007fff572fabd0:   0000000000000100 00007fffa7847d00
0x00007fff572fabe0:   00007fff572fb000 0000000000000000
0x00007fff572fabf0:   0000000000000100 00007fffc261be00
0x00007fff572fac00:   00007fb057503f50 0000000000000001
0x00007fff572fac10:   00007fff572fb260 00007fffa78478e9
0x00007fff572fac20:   00007fff572fac60 0000000046bb3f68
0x00007fff572fac30:   00007fff572fac70 00007fffbcfee977
0x00007fff572fac40:   0000000000000000 0000000000000011
0x00007fff572fac50:   000000010891e000 0000000000000011
0x00007fff572fac60:   0000000108921a00 0000000108921a00 

Instructions: (pc=0x0000000112fdf511)
0x0000000112fdf4f1:   48 89 e5 41 56 53 48 8d 05 c2 26 03 00 48 83 38
0x0000000112fdf501:   00 48 89 fb 75 72 48 8d 05 ba 25 03 00 48 8b 30
0x0000000112fdf511:   48 8b 03 48 8d 15 6c 9a 01 00 48 8d 0d 86 6f 01
0x0000000112fdf521:   00 48 89 df ff 90 88 03 00 00 48 8d 0d 8e 26 03 

Register to memory mapping:

RAX=0x0000000113011ac8: jScreenClass+0 in /Library/Java/JavaVirtualMachines/jdk1.8.0_45.jdk/Contents/Home/jre/lib/libglass.dylib at 0x0000000112fca000
RBX=0x0000000000000000 is an unknown value
RCX=0x0000000000000103 is an unknown value
RDX=0x0000000000012068 is an unknown value
RSP=0x00007fff572faa70 is an unknown value
RBP=0x00007fff572faa80 is an unknown value
RSI=0x00007fb05760bb00 is a global jni handle
RDI=0x0000000000000000 is an unknown value
R8 =0x0000000000000040 is an unknown value
R9 =0x00007fffc5ca2040: __sFX+0x1c0 in /usr/lib/system/libsystem_c.dylib at 0x00007fffbcea0000
R10=0xffffffffffffffff is an unknown value
R11=0x0000000000012068 is an unknown value
R12=0x0000000000000000 is an unknown value
R13=0x00007fb0574771d0 is an unknown value
R14=0x00007fb057483c50 is an unknown value
R15=0x0000000000000000 is an unknown value


Stack: [0x00007fff56afe000,0x00007fff572fe000],  sp=0x00007fff572faa70,  free space=8178k
Native frames: (J=compiled Java code, j=interpreted, Vv=VM code, C=native code)
C  [libglass.dylib+0x15511]  GlassScreenDidChangeScreenParameters+0x21
C  [CoreFoundation+0x9a9fc]  __CFNOTIFICATIONCENTER_IS_CALLING_OUT_TO_AN_OBSERVER__+0xc
C  [CoreFoundation+0x9a8fb]  _CFXRegistrationPost+0x1ab
C  [CoreFoundation+0x9a662]  ___CFXNotificationPost_block_invoke+0x32
C  [CoreFoundation+0x58d12]  -[_CFXNotificationRegistrar find:object:observer:enumerator:]+0x7e2
C  [CoreFoundation+0x57cfb]  _CFXNotificationPost+0x29b
C  [Foundation+0x6a37]  -[NSNotificationCenter postNotificationName:object:userInfo:]+0x42
C  [AppKit+0x3f1386]  -[NSApplication _reactToScreenInvalidationImmediately:]+0x18f
C  [AppKit+0x3f11c3]  __44-[NSApplication _reactToScreenInvalidation:]_block_invoke+0x3b
C  [CoreFoundation+0xa471c]  __CFRUNLOOP_IS_CALLING_OUT_TO_A_BLOCK__+0xc
C  [CoreFoundation+0x859d4]  __CFRunLoopDoBlocks+0x164
C  [CoreFoundation+0x85516]  __CFRunLoopRun+0x766
C  [CoreFoundation+0x84b54]  CFRunLoopRunSpecific+0x1a4
C  [java+0x6490]  CreateExecutionEnvironment+0x367
C  [java+0x221c]  JLI_Launch+0x7a0
C  [java+0x84ed]  main+0x65
C  [java+0x1a74]  start+0x34


---------------  P R O C E S S  ---------------

VM state:at safepoint (normal execution)

VM Mutex/Monitor currently owned by a thread:  ([mutex/lock_event])
[0x00007fb057605e10] Threads_lock - owner thread: 0x00007fb05802a000

Heap:
 PSYoungGen      total 38400K, used 12588K [0x0000000795580000, 0x0000000798000000, 0x00000007c0000000)
  eden space 33280K, 37% used [0x0000000795580000,0x00000007961cb348,0x0000000797600000)
  from space 5120K, 0% used [0x0000000797b00000,0x0000000797b00000,0x0000000798000000)
  to   space 5120K, 0% used [0x0000000797600000,0x0000000797600000,0x0000000797b00000)
 ParOldGen       total 87552K, used 0K [0x0000000740000000, 0x0000000745580000, 0x0000000795580000)
  object space 87552K, 0% used [0x0000000740000000,0x0000000740000000,0x0000000745580000)
 Metaspace       used 6917K, capacity 7344K, committed 7680K, reserved 1056768K
  class space    used 838K, capacity 933K, committed 1024K, reserved 1048576K

Card table byte_map: [0x000000010a529000,0x000000010a92a000] byte_map_base: 0x0000000106b29000

Marking Bits: (ParMarkBitMap*) 0x0000000109ac27a0
 Begin Bits: [0x000000010abd5000, 0x000000010cbd5000)
 End Bits:   [0x000000010cbd5000, 0x000000010ebd5000)

Polling page: 0x00000001089c2000

CodeCache: size=245760Kb used=2084Kb max_used=2085Kb free=243675Kb
 bounds [0x0000000115974000, 0x0000000115be4000, 0x0000000124974000]
 total_blobs=859 nmethods=473 adapters=300
 compilation: enabled

Compilation events (10 events):
Event: 0.556 Thread 0x00007fb058826800 nmethod 469 0x0000000115b7be90 code [0x0000000115b7c000, 0x0000000115b7c190]
Event: 0.556 Thread 0x00007fb05803a000 nmethod 468 0x0000000115b7da90 code [0x0000000115b7dbe0, 0x0000000115b7dd68]
Event: 0.558 Thread 0x00007fb058826800  470   !   3       java.lang.ref.Finalizer::add (41 bytes)
Event: 0.558 Thread 0x00007fb058826800 nmethod 470 0x0000000115b7b850 code [0x0000000115b7b9c0, 0x0000000115b7bd70]
Event: 0.563 Thread 0x00007fb058826800  471       1       java.nio.Buffer::limit (5 bytes)
Event: 0.563 Thread 0x00007fb058826800 nmethod 471 0x0000000115b7ae50 code [0x0000000115b7afa0, 0x0000000115b7b0b0]
Event: 0.564 Thread 0x00007fb058826800  472       3       java.nio.ByteBuffer::arrayOffset (35 bytes)
Event: 0.564 Thread 0x00007fb058826800 nmethod 472 0x0000000115b7d490 code [0x0000000115b7d620, 0x0000000115b7d938]
Event: 0.564 Thread 0x00007fb058826800  473       3       java.nio.Buffer::position (43 bytes)
Event: 0.564 Thread 0x00007fb058826800 nmethod 473 0x0000000115b7cf90 code [0x0000000115b7d100, 0x0000000115b7d3c8]

GC Heap History (0 events):
No events

Deoptimization events (1 events):
Event: 0.550 Thread 0x00007fb05815d800 Uncommon trap: reason=unstable_if action=reinterpret pc=0x0000000115b27ab4 method=java.lang.String.replace(CC)Ljava/lang/String; @ 2

Internal exceptions (10 events):
Event: 0.050 Thread 0x00007fb058006000 Exception <a 'java/lang/NoSuchMethodError': Method sun.misc.Unsafe.prefetchRead(Ljava/lang/Object;J)V name or signature does not match> (0x0000000795592d48) thrown at [/Users/java_re/workspace/8-2-build-macosx-x86_64/jdk8u45/3457/hotspot/src/share/vm/prim
Event: 0.176 Thread 0x00007fb058006000 Exception <a 'java/lang/NoSuchFieldError': method resolution failed> (0x0000000795880b70) thrown at [/Users/java_re/workspace/8-2-build-macosx-x86_64/jdk8u45/3457/hotspot/src/share/vm/prims/methodHandles.cpp, line 1125]
Event: 0.179 Thread 0x00007fb058006000 Exception <a 'java/lang/NoSuchFieldError': method resolution failed> (0x000000079588f240) thrown at [/Users/java_re/workspace/8-2-build-macosx-x86_64/jdk8u45/3457/hotspot/src/share/vm/prims/methodHandles.cpp, line 1125]
Event: 0.201 Thread 0x00007fb058006000 Exception <a 'java/security/PrivilegedActionException'> (0x000000079591b830) thrown at [/Users/java_re/workspace/8-2-build-macosx-x86_64/jdk8u45/3457/hotspot/src/share/vm/prims/jvm.cpp, line 1382]
Event: 0.201 Thread 0x00007fb058006000 Exception <a 'java/security/PrivilegedActionException'> (0x000000079591b9e8) thrown at [/Users/java_re/workspace/8-2-build-macosx-x86_64/jdk8u45/3457/hotspot/src/share/vm/prims/jvm.cpp, line 1382]
Event: 0.202 Thread 0x00007fb058006000 Exception <a 'java/security/PrivilegedActionException'> (0x000000079591ebd8) thrown at [/Users/java_re/workspace/8-2-build-macosx-x86_64/jdk8u45/3457/hotspot/src/share/vm/prims/jvm.cpp, line 1382]
Event: 0.202 Thread 0x00007fb058006000 Exception <a 'java/security/PrivilegedActionException'> (0x000000079591ed90) thrown at [/Users/java_re/workspace/8-2-build-macosx-x86_64/jdk8u45/3457/hotspot/src/share/vm/prims/jvm.cpp, line 1382]
Event: 0.202 Thread 0x00007fb058006000 Exception <a 'java/lang/NullPointerException'> (0x000000079591f528) thrown at [/Users/java_re/workspace/8-2-build-macosx-x86_64/jdk8u45/3457/hotspot/src/share/vm/interpreter/linkResolver.cpp, line 1178]
Event: 0.551 Thread 0x00007fb05815d800 Exception <a 'java/lang/NullPointerException'> (0x000000079618e9b8) thrown at [/Users/java_re/workspace/8-2-build-macosx-x86_64/jdk8u45/3457/hotspot/src/share/vm/interpreter/linkResolver.cpp, line 1280]
Event: 0.561 Thread 0x00007fb058006000 Exception <a 'java/lang/reflect/InvocationTargetException'> (0x0000000795fe9c38) thrown at [/Users/java_re/workspace/8-2-build-macosx-x86_64/jdk8u45/3457/hotspot/src/share/vm/runtime/reflection.cpp, line 1080]

Events (10 events):
Event: 0.568 loading class java/util/Formatter$Flags done
Event: 0.568 loading class java/util/Formatter$Conversion
Event: 0.568 loading class java/util/Formatter$Conversion done
Event: 0.568 loading class java/util/Formattable
Event: 0.568 loading class java/util/Formattable done
Event: 0.569 loading class java/util/IdentityHashMap$KeyIterator
Event: 0.569 loading class java/util/IdentityHashMap$IdentityHashMapIterator
Event: 0.569 loading class java/util/IdentityHashMap$IdentityHashMapIterator done
Event: 0.569 loading class java/util/IdentityHashMap$KeyIterator done
Event: 0.569 Executing VM operation: Exit


Dynamic libraries:
0x0000000032366000 	/System/Library/Frameworks/Cocoa.framework/Versions/A/Cocoa
0x0000000032366000 	/System/Library/Frameworks/Security.framework/Versions/A/Security
0x0000000032366000 	/System/Library/Frameworks/ApplicationServices.framework/Versions/A/ApplicationServices
0x0000000032366000 	/usr/lib/libz.1.dylib
0x0000000032366000 	/usr/lib/libSystem.B.dylib
0x0000000032366000 	/usr/lib/libobjc.A.dylib
0x0000000032366000 	/System/Library/Frameworks/CoreFoundation.framework/Versions/A/CoreFoundation
0x0000000032366000 	/System/Library/Frameworks/Foundation.framework/Versions/C/Foundation
0x0000000032366000 	/System/Library/Frameworks/AppKit.framework/Versions/C/AppKit
0x0000000032366000 	/System/Library/Frameworks/CoreData.framework/Versions/A/CoreData
0x0000000032366000 	/System/Library/PrivateFrameworks/RemoteViewServices.framework/Versions/A/RemoteViewServices
0x0000000032366000 	/System/Library/PrivateFrameworks/UIFoundation.framework/Versions/A/UIFoundation
0x0000000032366000 	/System/Library/PrivateFrameworks/DFRFoundation.framework/Versions/A/DFRFoundation
0x0000000032366000 	/usr/lib/libenergytrace.dylib
0x0000000032366000 	/System/Library/PrivateFrameworks/SkyLight.framework/Versions/A/SkyLight
0x0000000032366000 	/System/Library/Frameworks/CoreGraphics.framework/Versions/A/CoreGraphics
0x0000000032366000 	/usr/lib/libScreenReader.dylib
0x0000000032366000 	/System/Library/Frameworks/Accelerate.framework/Versions/A/Accelerate
0x0000000032366000 	/System/Library/Frameworks/IOSurface.framework/Versions/A/IOSurface
0x0000000032366000 	/System/Library/Frameworks/AudioToolbox.framework/Versions/A/AudioToolbox
0x0000000032366000 	/System/Library/Frameworks/AudioUnit.framework/Versions/A/AudioUnit
0x0000000032366000 	/System/Library/PrivateFrameworks/DataDetectorsCore.framework/Versions/A/DataDetectorsCore
0x0000000032366000 	/System/Library/PrivateFrameworks/DesktopServicesPriv.framework/Versions/A/DesktopServicesPriv
0x0000000032366000 	/System/Library/Frameworks/Carbon.framework/Versions/A/Frameworks/HIToolbox.framework/Versions/A/HIToolbox
0x0000000032366000 	/usr/lib/libicucore.A.dylib
0x0000000032366000 	/System/Library/Frameworks/QuartzCore.framework/Versions/A/QuartzCore
0x0000000032366000 	/System/Library/Frameworks/Carbon.framework/Versions/A/Frameworks/SpeechRecognition.framework/Versions/A/SpeechRecognition
0x0000000032366000 	/usr/lib/libauto.dylib
0x0000000032366000 	/usr/lib/libxml2.2.dylib
0x0000000032366000 	/System/Library/PrivateFrameworks/CoreUI.framework/Versions/A/CoreUI
0x0000000032366000 	/System/Library/Frameworks/CoreAudio.framework/Versions/A/CoreAudio
0x0000000032366000 	/System/Library/Frameworks/DiskArbitration.framework/Versions/A/DiskArbitration
0x0000000032366000 	/usr/lib/liblangid.dylib
0x0000000032366000 	/System/Library/PrivateFrameworks/MultitouchSupport.framework/Versions/A/MultitouchSupport
0x0000000032366000 	/System/Library/Frameworks/IOKit.framework/Versions/A/IOKit
0x0000000032366000 	/usr/lib/libDiagnosticMessagesClient.dylib
0x0000000032366000 	/System/Library/Frameworks/CoreServices.framework/Versions/A/CoreServices
0x0000000032366000 	/System/Library/PrivateFrameworks/PerformanceAnalysis.framework/Versions/A/PerformanceAnalysis
0x0000000032366000 	/System/Library/PrivateFrameworks/GenerationalStorage.framework/Versions/A/GenerationalStorage
0x0000000032366000 	/System/Library/Frameworks/OpenGL.framework/Versions/A/OpenGL
0x0000000032366000 	/System/Library/Frameworks/CoreImage.framework/Versions/A/CoreImage
0x0000000032366000 	/System/Library/Frameworks/CoreText.framework/Versions/A/CoreText
0x0000000032366000 	/System/Library/Frameworks/ImageIO.framework/Versions/A/ImageIO
0x0000000032366000 	/System/Library/PrivateFrameworks/Backup.framework/Versions/A/Backup
0x0000000032366000 	/usr/lib/libarchive.2.dylib
0x0000000032366000 	/System/Library/Frameworks/CFNetwork.framework/Versions/A/CFNetwork
0x0000000032366000 	/System/Library/Frameworks/SystemConfiguration.framework/Versions/A/SystemConfiguration
0x0000000032366000 	/usr/lib/libCRFSuite.dylib
0x0000000032366000 	/usr/lib/libc++.1.dylib
0x0000000032366000 	/usr/lib/libc++abi.dylib
0x0000000032366000 	/usr/lib/system/libcache.dylib
0x0000000032366000 	/usr/lib/system/libcommonCrypto.dylib
0x0000000032366000 	/usr/lib/system/libcompiler_rt.dylib
0x0000000032366000 	/usr/lib/system/libcopyfile.dylib
0x0000000032366000 	/usr/lib/system/libcorecrypto.dylib
0x0000000032366000 	/usr/lib/system/libdispatch.dylib
0x0000000032366000 	/usr/lib/system/libdyld.dylib
0x0000000032366000 	/usr/lib/system/libkeymgr.dylib
0x0000000032366000 	/usr/lib/system/liblaunch.dylib
0x0000000032366000 	/usr/lib/system/libmacho.dylib
0x0000000032366000 	/usr/lib/system/libquarantine.dylib
0x0000000032366000 	/usr/lib/system/libremovefile.dylib
0x0000000032366000 	/usr/lib/system/libsystem_asl.dylib
0x0000000032366000 	/usr/lib/system/libsystem_blocks.dylib
0x0000000032366000 	/usr/lib/system/libsystem_c.dylib
0x0000000032366000 	/usr/lib/system/libsystem_configuration.dylib
0x0000000032366000 	/usr/lib/system/libsystem_coreservices.dylib
0x0000000032366000 	/usr/lib/system/libsystem_coretls.dylib
0x0000000032366000 	/usr/lib/system/libsystem_dnssd.dylib
0x0000000032366000 	/usr/lib/system/libsystem_info.dylib
0x0000000032366000 	/usr/lib/system/libsystem_kernel.dylib
0x0000000032366000 	/usr/lib/system/libsystem_m.dylib
0x0000000032366000 	/usr/lib/system/libsystem_malloc.dylib
0x0000000032366000 	/usr/lib/system/libsystem_network.dylib
0x0000000032366000 	/usr/lib/system/libsystem_networkextension.dylib
0x0000000032366000 	/usr/lib/system/libsystem_notify.dylib
0x0000000032366000 	/usr/lib/system/libsystem_platform.dylib
0x0000000032366000 	/usr/lib/system/libsystem_pthread.dylib
0x0000000032366000 	/usr/lib/system/libsystem_sandbox.dylib
0x0000000032366000 	/usr/lib/system/libsystem_secinit.dylib
0x0000000032366000 	/usr/lib/system/libsystem_symptoms.dylib
0x0000000032366000 	/usr/lib/system/libsystem_trace.dylib
0x0000000032366000 	/usr/lib/system/libunwind.dylib
0x0000000032366000 	/usr/lib/system/libxpc.dylib
0x0000000032366000 	/usr/lib/libbsm.0.dylib
0x0000000032366000 	/usr/lib/system/libkxld.dylib
0x0000000032366000 	/usr/lib/libcoretls.dylib
0x0000000032366000 	/usr/lib/libcoretls_cfhelpers.dylib
0x0000000032366000 	/usr/lib/libxar.1.dylib
0x0000000032366000 	/usr/lib/libsqlite3.dylib
0x0000000032366000 	/usr/lib/libpam.2.dylib
0x0000000032366000 	/usr/lib/libOpenScriptingUtil.dylib
0x0000000032366000 	/usr/lib/libbz2.1.0.dylib
0x0000000032366000 	/usr/lib/liblzma.5.dylib
0x0000000032366000 	/usr/lib/libnetwork.dylib
0x0000000032366000 	/usr/lib/libpcap.A.dylib
0x0000000032366000 	/System/Library/Frameworks/CoreServices.framework/Versions/A/Frameworks/FSEvents.framework/Versions/A/FSEvents
0x0000000032366000 	/System/Library/Frameworks/CoreServices.framework/Versions/A/Frameworks/CarbonCore.framework/Versions/A/CarbonCore
0x0000000032366000 	/System/Library/Frameworks/CoreServices.framework/Versions/A/Frameworks/Metadata.framework/Versions/A/Metadata
0x0000000032366000 	/System/Library/Frameworks/CoreServices.framework/Versions/A/Frameworks/OSServices.framework/Versions/A/OSServices
0x0000000032366000 	/System/Library/Frameworks/CoreServices.framework/Versions/A/Frameworks/SearchKit.framework/Versions/A/SearchKit
0x0000000032366000 	/System/Library/Frameworks/CoreServices.framework/Versions/A/Frameworks/AE.framework/Versions/A/AE
0x0000000032366000 	/System/Library/Frameworks/CoreServices.framework/Versions/A/Frameworks/LaunchServices.framework/Versions/A/LaunchServices
0x0000000032366000 	/System/Library/Frameworks/CoreServices.framework/Versions/A/Frameworks/DictionaryServices.framework/Versions/A/DictionaryServices
0x0000000032366000 	/System/Library/Frameworks/CoreServices.framework/Versions/A/Frameworks/SharedFileList.framework/Versions/A/SharedFileList
0x0000000032366000 	/System/Library/Frameworks/NetFS.framework/Versions/A/NetFS
0x0000000032366000 	/System/Library/PrivateFrameworks/NetAuth.framework/Versions/A/NetAuth
0x0000000032366000 	/System/Library/PrivateFrameworks/login.framework/Versions/A/Frameworks/loginsupport.framework/Versions/A/loginsupport
0x0000000032366000 	/System/Library/PrivateFrameworks/TCC.framework/Versions/A/TCC
0x0000000032366000 	/usr/lib/libmecabra.dylib
0x0000000032366000 	/System/Library/Frameworks/ApplicationServices.framework/Versions/A/Frameworks/ATS.framework/Versions/A/ATS
0x0000000032366000 	/System/Library/Frameworks/ApplicationServices.framework/Versions/A/Frameworks/ColorSync.framework/Versions/A/ColorSync
0x0000000032366000 	/System/Library/Frameworks/ApplicationServices.framework/Versions/A/Frameworks/HIServices.framework/Versions/A/HIServices
0x0000000032366000 	/System/Library/Frameworks/ApplicationServices.framework/Versions/A/Frameworks/LangAnalysis.framework/Versions/A/LangAnalysis
0x0000000032366000 	/System/Library/Frameworks/ApplicationServices.framework/Versions/A/Frameworks/PrintCore.framework/Versions/A/PrintCore
0x0000000032366000 	/System/Library/Frameworks/ApplicationServices.framework/Versions/A/Frameworks/QD.framework/Versions/A/QD
0x0000000032366000 	/System/Library/Frameworks/ApplicationServices.framework/Versions/A/Frameworks/SpeechSynthesis.framework/Versions/A/SpeechSynthesis
0x0000000032366000 	/System/Library/Frameworks/Accelerate.framework/Versions/A/Frameworks/vImage.framework/Versions/A/vImage
0x0000000032366000 	/System/Library/Frameworks/Accelerate.framework/Versions/A/Frameworks/vecLib.framework/Versions/A/vecLib
0x0000000032366000 	/System/Library/Frameworks/Accelerate.framework/Versions/A/Frameworks/vecLib.framework/Versions/A/libvDSP.dylib
0x0000000032366000 	/System/Library/Frameworks/Accelerate.framework/Versions/A/Frameworks/vecLib.framework/Versions/A/libBNNS.dylib
0x0000000032366000 	/System/Library/Frameworks/Accelerate.framework/Versions/A/Frameworks/vecLib.framework/Versions/A/libQuadrature.dylib
0x0000000032366000 	/System/Library/Frameworks/Accelerate.framework/Versions/A/Frameworks/vecLib.framework/Versions/A/libvMisc.dylib
0x0000000032366000 	/System/Library/Frameworks/Accelerate.framework/Versions/A/Frameworks/vecLib.framework/Versions/A/libLAPACK.dylib
0x0000000032366000 	/System/Library/Frameworks/Accelerate.framework/Versions/A/Frameworks/vecLib.framework/Versions/A/libBLAS.dylib
0x0000000032366000 	/System/Library/Frameworks/Accelerate.framework/Versions/A/Frameworks/vecLib.framework/Versions/A/libLinearAlgebra.dylib
0x0000000032366000 	/System/Library/Frameworks/Accelerate.framework/Versions/A/Frameworks/vecLib.framework/Versions/A/libSparseBLAS.dylib
0x0000000032366000 	/System/Library/Frameworks/ApplicationServices.framework/Versions/A/Frameworks/ATS.framework/Versions/A/Resources/libFontParser.dylib
0x0000000032366000 	/System/Library/Frameworks/ApplicationServices.framework/Versions/A/Frameworks/ATS.framework/Versions/A/Resources/libFontRegistry.dylib
0x0000000032366000 	/System/Library/Frameworks/ImageIO.framework/Versions/A/Resources/libJPEG.dylib
0x0000000032366000 	/System/Library/Frameworks/ImageIO.framework/Versions/A/Resources/libTIFF.dylib
0x0000000032366000 	/System/Library/Frameworks/ImageIO.framework/Versions/A/Resources/libPng.dylib
0x0000000032366000 	/System/Library/Frameworks/ImageIO.framework/Versions/A/Resources/libGIF.dylib
0x0000000032366000 	/System/Library/Frameworks/ImageIO.framework/Versions/A/Resources/libJP2.dylib
0x0000000032366000 	/System/Library/Frameworks/ImageIO.framework/Versions/A/Resources/libRadiance.dylib
0x0000000032366000 	/usr/lib/libcompression.dylib
0x0000000032366000 	/System/Library/PrivateFrameworks/AppleJPEG.framework/Versions/A/AppleJPEG
0x0000000032366000 	/usr/lib/libcups.2.dylib
0x0000000032366000 	/System/Library/Frameworks/Kerberos.framework/Versions/A/Kerberos
0x0000000032366000 	/System/Library/Frameworks/GSS.framework/Versions/A/GSS
0x0000000032366000 	/usr/lib/libresolv.9.dylib
0x0000000032366000 	/usr/lib/libiconv.2.dylib
0x0000000032366000 	/System/Library/PrivateFrameworks/Heimdal.framework/Versions/A/Heimdal
0x0000000032366000 	/usr/lib/libheimdal-asn1.dylib
0x0000000032366000 	/System/Library/Frameworks/OpenDirectory.framework/Versions/A/OpenDirectory
0x0000000032366000 	/System/Library/PrivateFrameworks/CommonAuth.framework/Versions/A/CommonAuth
0x0000000032366000 	/System/Library/Frameworks/OpenDirectory.framework/Versions/A/Frameworks/CFOpenDirectory.framework/Versions/A/CFOpenDirectory
0x0000000032366000 	/System/Library/Frameworks/SecurityFoundation.framework/Versions/A/SecurityFoundation
0x0000000032366000 	/System/Library/PrivateFrameworks/LanguageModeling.framework/Versions/A/LanguageModeling
0x0000000032366000 	/usr/lib/libmarisa.dylib
0x0000000032366000 	/usr/lib/libChineseTokenizer.dylib
0x0000000032366000 	/usr/lib/libcmph.dylib
0x0000000032366000 	/System/Library/PrivateFrameworks/CoreEmoji.framework/Versions/A/CoreEmoji
0x0000000032366000 	/System/Library/Frameworks/ServiceManagement.framework/Versions/A/ServiceManagement
0x0000000032366000 	/usr/lib/libxslt.1.dylib
0x0000000032366000 	/System/Library/Frameworks/Carbon.framework/Versions/A/Frameworks/Ink.framework/Versions/A/Ink
0x0000000032366000 	/System/Library/PrivateFrameworks/TextureIO.framework/Versions/A/TextureIO
0x0000000032366000 	/System/Library/Frameworks/Metal.framework/Versions/A/Metal
0x0000000032366000 	/usr/lib/libate.dylib
0x0000000032366000 	/System/Library/PrivateFrameworks/GPUCompiler.framework/libmetal_timestamp.dylib
0x0000000032366000 	/System/Library/Frameworks/OpenGL.framework/Versions/A/Libraries/libCoreFSCache.dylib
0x0000000032366000 	/System/Library/PrivateFrameworks/IOAccelerator.framework/Versions/A/IOAccelerator
0x0000000032366000 	/System/Library/Frameworks/CoreVideo.framework/Versions/A/CoreVideo
0x0000000032366000 	/usr/lib/libFosl_dynamic.dylib
0x0000000032366000 	/System/Library/PrivateFrameworks/MetalPerformanceShaders.framework/Versions/A/MetalPerformanceShaders
0x0000000032366000 	/System/Library/PrivateFrameworks/FaceCore.framework/Versions/A/FaceCore
0x0000000032366000 	/System/Library/Frameworks/OpenCL.framework/Versions/A/OpenCL
0x0000000032366000 	/System/Library/Frameworks/OpenGL.framework/Versions/A/Libraries/libGLU.dylib
0x0000000032366000 	/System/Library/Frameworks/OpenGL.framework/Versions/A/Libraries/libGFXShared.dylib
0x0000000032366000 	/System/Library/Frameworks/OpenGL.framework/Versions/A/Libraries/libGL.dylib
0x0000000032366000 	/System/Library/Frameworks/OpenGL.framework/Versions/A/Libraries/libGLImage.dylib
0x0000000032366000 	/System/Library/Frameworks/OpenGL.framework/Versions/A/Libraries/libCVMSPluginSupport.dylib
0x0000000032366000 	/System/Library/Frameworks/OpenGL.framework/Versions/A/Libraries/libCoreVMClient.dylib
0x0000000032366000 	/System/Library/PrivateFrameworks/CrashReporterSupport.framework/Versions/A/CrashReporterSupport
0x0000000032366000 	/System/Library/PrivateFrameworks/Sharing.framework/Versions/A/Sharing
0x0000000032366000 	/System/Library/PrivateFrameworks/IconServices.framework/Versions/A/IconServices
0x0000000032366000 	/System/Library/PrivateFrameworks/ProtocolBuffer.framework/Versions/A/ProtocolBuffer
0x0000000032366000 	/System/Library/PrivateFrameworks/Apple80211.framework/Versions/A/Apple80211
0x0000000032366000 	/System/Library/Frameworks/CoreWLAN.framework/Versions/A/CoreWLAN
0x0000000032366000 	/System/Library/PrivateFrameworks/CoreUtils.framework/Versions/A/CoreUtils
0x0000000032366000 	/System/Library/Frameworks/IOBluetooth.framework/Versions/A/IOBluetooth
0x0000000032366000 	/System/Library/PrivateFrameworks/CoreWiFi.framework/Versions/A/CoreWiFi
0x0000000032366000 	/System/Library/Frameworks/CoreBluetooth.framework/Versions/A/CoreBluetooth
0x0000000032366000 	/System/Library/Frameworks/CoreDisplay.framework/Versions/A/CoreDisplay
0x0000000032366000 	/System/Library/PrivateFrameworks/IOPresentment.framework/Versions/A/IOPresentment
0x0000000032366000 	/System/Library/PrivateFrameworks/DebugSymbols.framework/Versions/A/DebugSymbols
0x0000000032366000 	/System/Library/PrivateFrameworks/CoreSymbolication.framework/Versions/A/CoreSymbolication
0x0000000032366000 	/System/Library/PrivateFrameworks/Symbolication.framework/Versions/A/Symbolication
0x0000000032366000 	/System/Library/PrivateFrameworks/AppleFSCompression.framework/Versions/A/AppleFSCompression
0x0000000032366000 	/System/Library/PrivateFrameworks/SpeechRecognitionCore.framework/Versions/A/SpeechRecognitionCore
0x0000000032366000 	/System/Library/PrivateFrameworks/ChunkingLibrary.framework/Versions/A/ChunkingLibrary
0x0000000109200000 	/Library/Java/JavaVirtualMachines/jdk1.8.0_45.jdk/Contents/Home/jre/lib/server/libjvm.dylib
0x0000000032366000 	/usr/lib/libstdc++.6.dylib
0x000000010897f000 	/Library/Java/JavaVirtualMachines/jdk1.8.0_45.jdk/Contents/Home/jre/lib/libverify.dylib
0x000000010898d000 	/Library/Java/JavaVirtualMachines/jdk1.8.0_45.jdk/Contents/Home/jre/lib/libjava.dylib
0x00000001089cc000 	/Library/Java/JavaVirtualMachines/jdk1.8.0_45.jdk/Contents/Home/jre/lib/libzip.dylib
0x0000000110aa3000 	/System/Library/Frameworks/JavaVM.framework/Frameworks/JavaRuntimeSupport.framework/JavaRuntimeSupport
0x0000000110abd000 	/System/Library/Frameworks/JavaVM.framework/Versions/A/Frameworks/JavaNativeFoundation.framework/Versions/A/JavaNativeFoundation
0x0000000110ad2000 	/System/Library/Frameworks/JavaVM.framework/Versions/A/JavaVM
0x0000000032366000 	/System/Library/Frameworks/Carbon.framework/Versions/A/Carbon
0x0000000110adf000 	/System/Library/PrivateFrameworks/JavaLaunching.framework/Versions/A/JavaLaunching
0x0000000032366000 	/System/Library/Frameworks/Carbon.framework/Versions/A/Frameworks/CommonPanels.framework/Versions/A/CommonPanels
0x0000000032366000 	/System/Library/Frameworks/Carbon.framework/Versions/A/Frameworks/Help.framework/Versions/A/Help
0x0000000032366000 	/System/Library/Frameworks/Carbon.framework/Versions/A/Frameworks/ImageCapture.framework/Versions/A/ImageCapture
0x0000000032366000 	/System/Library/Frameworks/Carbon.framework/Versions/A/Frameworks/OpenScripting.framework/Versions/A/OpenScripting
0x0000000032366000 	/System/Library/Frameworks/Carbon.framework/Versions/A/Frameworks/Print.framework/Versions/A/Print
0x0000000032366000 	/System/Library/Frameworks/Carbon.framework/Versions/A/Frameworks/SecurityHI.framework/Versions/A/SecurityHI
0x000000011248b000 	/Library/Java/JavaVirtualMachines/jdk1.8.0_45.jdk/Contents/Home/jre/lib/libprism_es2.dylib
0x0000000032366000 	/System/Library/Frameworks/OpenGL.framework/Versions/A/Resources/GLEngine.bundle/GLEngine
0x0000000032366000 	/System/Library/Frameworks/OpenGL.framework/Versions/A/Libraries/libGLProgrammability.dylib
0x00000001124f1000 	/System/Library/Extensions/AppleIntelHD4000GraphicsGLDriver.bundle/Contents/MacOS/AppleIntelHD4000GraphicsGLDriver
0x0000000032366000 	/System/Library/PrivateFrameworks/GPUSupport.framework/Versions/A/Libraries/libGPUSupportMercury.dylib
0x0000000032366000 	/System/Library/Frameworks/OpenGL.framework/Versions/A/Resources/GLRendererFloat.bundle/GLRendererFloat
0x0000000032366000 	/System/Library/Frameworks/OpenCL.framework/Versions/A/Libraries/libcldcpuengine.dylib
0x0000000032366000 	/usr/lib/libcrypto.0.9.8.dylib
0x0000000032366000 	/System/Library/PrivateFrameworks/TrustEvaluationAgent.framework/Versions/A/TrustEvaluationAgent
0x0000000112fca000 	/Library/Java/JavaVirtualMachines/jdk1.8.0_45.jdk/Contents/Home/jre/lib/libglass.dylib
0x0000000032366000 	/System/Library/PrivateFrameworks/CoreServicesInternal.framework/Versions/A/CoreServicesInternal
0x0000000032366000 	/System/Library/CoreServices/RawCamera.bundle/Contents/MacOS/RawCamera
0x0000000032366000 	/System/Library/Frameworks/Accelerate.framework/Versions/A/Frameworks/vImage.framework/Versions/A/Libraries/libCGInterfaces.dylib
0x0000000032366000 	/System/Library/PrivateFrameworks/FamilyControls.framework/Versions/A/FamilyControls
0x0000000032366000 	/System/Library/PrivateFrameworks/CommerceKit.framework/Versions/A/Frameworks/CommerceCore.framework/Versions/A/CommerceCore
0x0000000032366000 	/System/Library/PrivateFrameworks/SystemAdministration.framework/Versions/A/SystemAdministration
0x0000000032366000 	/System/Library/PrivateFrameworks/AppContainer.framework/Versions/A/AppContainer
0x0000000032366000 	/System/Library/PrivateFrameworks/SecCodeWrapper.framework/Versions/A/SecCodeWrapper
0x0000000032366000 	/System/Library/Frameworks/DirectoryService.framework/Versions/A/DirectoryService
0x0000000032366000 	/System/Library/PrivateFrameworks/DiskImages.framework/Versions/A/DiskImages
0x0000000032366000 	/System/Library/PrivateFrameworks/LoginUIKit.framework/Versions/A/Frameworks/LoginUICore.framework/Versions/A/LoginUICore
0x0000000032366000 	/usr/lib/libCoreStorage.dylib
0x0000000032366000 	/usr/lib/libcsfde.dylib
0x0000000032366000 	/usr/lib/libodfde.dylib
0x0000000032366000 	/System/Library/Frameworks/DiscRecording.framework/Versions/A/DiscRecording
0x0000000032366000 	/usr/lib/libcurl.4.dylib
0x0000000032366000 	/System/Library/PrivateFrameworks/MediaKit.framework/Versions/A/MediaKit
0x0000000032366000 	/System/Library/PrivateFrameworks/ProtectedCloudStorage.framework/Versions/A/ProtectedCloudStorage
0x0000000032366000 	/System/Library/PrivateFrameworks/EFILogin.framework/Versions/A/EFILogin
0x0000000032366000 	/usr/lib/libutil.dylib
0x0000000032366000 	/System/Library/Frameworks/LDAP.framework/Versions/A/LDAP
0x0000000032366000 	/usr/lib/libsasl2.2.dylib
0x0000000032366000 	/System/Library/PrivateFrameworks/CoreDaemon.framework/Versions/B/CoreDaemon
0x0000000032366000 	/System/Library/PrivateFrameworks/AppleSRP.framework/Versions/A/AppleSRP
0x0000000032366000 	/System/Library/PrivateFrameworks/APFS.framework/Versions/A/APFS

VM Arguments:
jvm_args: -Dfile.encoding=UTF-8 
java_command: movierecommender.dbfinalgui
java_class_path (initial): /Users/KingDono/Desktop/DB1/Final Proj/mysql-connector-java-5.1.41/mysql-connector-java-5.1.41-bin.jar:/Users/KingDono/NetBeansProjects/3410/DBFinal/build/classes
Launcher Type: SUN_STANDARD

Environment Variables:
PATH=/usr/bin:/bin:/usr/sbin:/sbin
LD_LIBRARY_PATH=/Library/Java/JavaVirtualMachines/jdk1.8.0_45.jdk/Contents/Home/jre/lib/amd64:/Library/Java/JavaVirtualMachines/jdk1.8.0_45.jdk/Contents/Home/jre/lib/i386:
SHELL=/bin/bash

Signal Handlers:
SIGSEGV: [libjvm.dylib+0x58ef95], sa_mask[0]=11111111011111110111111111111111, sa_flags=SA_ONSTACK|SA_RESTART|SA_SIGINFO
SIGBUS: [libjvm.dylib+0x58ef95], sa_mask[0]=11111111011111110111111111111111, sa_flags=SA_RESTART|SA_SIGINFO
SIGFPE: [libjvm.dylib+0x46c108], sa_mask[0]=11111111011111110111111111111111, sa_flags=SA_RESTART|SA_SIGINFO
SIGPIPE: [libjvm.dylib+0x46c108], sa_mask[0]=11111111011111110111111111111111, sa_flags=SA_RESTART|SA_SIGINFO
SIGXFSZ: [libjvm.dylib+0x46c108], sa_mask[0]=11111111011111110111111111111111, sa_flags=SA_RESTART|SA_SIGINFO
SIGILL: [libjvm.dylib+0x46c108], sa_mask[0]=11111111011111110111111111111111, sa_flags=SA_RESTART|SA_SIGINFO
SIGUSR1: SIG_DFL, sa_mask[0]=00000000000000000000000000000000, sa_flags=none
SIGUSR2: [libjvm.dylib+0x46bc26], sa_mask[0]=00100000000000000000000000000000, sa_flags=SA_RESTART|SA_SIGINFO
SIGHUP: [libjvm.dylib+0x46a1f9], sa_mask[0]=11111111011111110111111111111111, sa_flags=SA_RESTART|SA_SIGINFO
SIGINT: SIG_IGN, sa_mask[0]=00000000000000000000000000000000, sa_flags=none
SIGTERM: [libjvm.dylib+0x46a1f9], sa_mask[0]=11111111011111110111111111111111, sa_flags=SA_RESTART|SA_SIGINFO
SIGQUIT: [libjvm.dylib+0x46a1f9], sa_mask[0]=11111111011111110111111111111111, sa_flags=SA_RESTART|SA_SIGINFO


---------------  S Y S T E M  ---------------

OS:Bsduname:Darwin 16.4.0 Darwin Kernel Version 16.4.0: Thu Dec 22 22:53:21 PST 2016; root:xnu-3789.41.3~3/RELEASE_X86_64 x86_64
rlimit: STACK 8192k, CORE 0k, NPROC 709, NOFILE 10240, AS infinity
load average:2.33 2.05 1.87

CPU:total 4 (2 cores per cpu, 2 threads per core) family 6 model 58 stepping 9, cmov, cx8, fxsr, mmx, sse, sse2, sse3, ssse3, sse4.1, sse4.2, popcnt, avx, aes, clmul, erms, ht, tsc, tscinvbit, tscinv

Memory: 4k page, physical 8388608k(345588k free)

/proc/meminfo:


vm_info: Java HotSpot(TM) 64-Bit Server VM (25.45-b02) for bsd-amd64 JRE (1.8.0_45-b14), built on Apr 10 2015 10:46:38 by "java_re" with gcc 4.2.1 (Based on Apple Inc. build 5658) (LLVM build 2336.11.00)

time: Sat Apr 22 11:07:30 2017
elapsed time: 0 seconds (0d 0h 0m 0s)

